{
  "/home/didier/workspace_wsl/sourcecode-editor/sourcecode-editor-server/src/data/UserPassword.ts": {
    "path": "/home/didier/workspace_wsl/sourcecode-editor/sourcecode-editor-server/src/data/UserPassword.ts",
    "statementMap": {
      "0": { "start": { "line": 2, "column": 0 }, "end": { "line": 2, "column": 33 } },
      "1": { "start": { "line": 12, "column": 17 }, "end": { "line": 12, "column": 41 } },
      "2": { "start": { "line": 13, "column": 4 }, "end": { "line": 13, "column": 63 } },
      "3": { "start": { "line": 21, "column": 4 }, "end": { "line": 21, "column": 66 } },
      "4": { "start": { "line": 5, "column": 0 }, "end": { "line": 5, "column": 13 } }
    },
    "fnMap": {
      "0": {
        "name": "(anonymous_7)",
        "decl": { "start": { "line": 7, "column": 9 }, "end": { "line": 7, "column": 15 } },
        "loc": { "start": { "line": 10, "column": 20 }, "end": { "line": 14, "column": null } }
      },
      "1": {
        "name": "(anonymous_9)",
        "decl": { "start": { "line": 16, "column": 9 }, "end": { "line": 16, "column": 15 } },
        "loc": { "start": { "line": 19, "column": 20 }, "end": { "line": 22, "column": null } }
      }
    },
    "branchMap": {},
    "s": { "0": 1, "1": 2, "2": 2, "3": 2, "4": 1 },
    "f": { "0": 2, "1": 2 },
    "b": {}
  },
  "/home/didier/workspace_wsl/sourcecode-editor/sourcecode-editor-server/src/model/User.ts": {
    "path": "/home/didier/workspace_wsl/sourcecode-editor/sourcecode-editor-server/src/model/User.ts",
    "statementMap": {
      "0": { "start": { "line": 1, "column": 0 }, "end": { "line": 1, "column": 36 } },
      "1": { "start": { "line": 7, "column": 4 }, "end": { "line": 9, "column": null } },
      "2": { "start": { "line": 8, "column": 6 }, "end": { "line": 8, "column": 18 } },
      "3": { "start": { "line": 10, "column": 17 }, "end": { "line": 10, "column": 27 } },
      "4": { "start": { "line": 11, "column": 4 }, "end": { "line": 13, "column": null } },
      "5": { "start": { "line": 12, "column": 6 }, "end": { "line": 12, "column": 24 } },
      "6": { "start": { "line": 14, "column": 4 }, "end": { "line": 14, "column": 22 } },
      "7": { "start": { "line": 15, "column": 4 }, "end": { "line": 15, "column": 26 } },
      "8": { "start": { "line": 16, "column": 4 }, "end": { "line": 16, "column": 52 } },
      "9": { "start": { "line": 17, "column": 4 }, "end": { "line": 17, "column": 16 } },
      "10": { "start": { "line": 25, "column": 4 }, "end": { "line": 25, "column": 23 } },
      "11": { "start": { "line": 30, "column": 4 }, "end": { "line": 34, "column": 6 } },
      "12": { "start": { "line": 3, "column": 0 }, "end": { "line": 3, "column": 13 } }
    },
    "fnMap": {
      "0": {
        "name": "(anonymous_0)",
        "decl": { "start": { "line": 6, "column": 9 }, "end": { "line": 6, "column": 15 } },
        "loc": { "start": { "line": 6, "column": 34 }, "end": { "line": 18, "column": 3 } }
      },
      "1": {
        "name": "(anonymous_1)",
        "decl": { "start": { "line": 24, "column": 2 }, "end": { "line": 24, "column": null } },
        "loc": { "start": { "line": 24, "column": 2 }, "end": { "line": 26, "column": 3 } }
      },
      "2": {
        "name": "(anonymous_2)",
        "decl": { "start": { "line": 29, "column": 9 }, "end": { "line": 29, "column": 15 } },
        "loc": { "start": { "line": 29, "column": 15 }, "end": { "line": 35, "column": 3 } }
      }
    },
    "branchMap": {
      "0": {
        "loc": { "start": { "line": 7, "column": 4 }, "end": { "line": 9, "column": null } },
        "type": "if",
        "locations": [{ "start": { "line": 7, "column": 4 }, "end": { "line": 9, "column": null } }]
      },
      "1": {
        "loc": { "start": { "line": 11, "column": 4 }, "end": { "line": 13, "column": null } },
        "type": "if",
        "locations": [{ "start": { "line": 11, "column": 4 }, "end": { "line": 13, "column": null } }]
      }
    },
    "s": { "0": 1, "1": 0, "2": 0, "3": 0, "4": 0, "5": 0, "6": 0, "7": 0, "8": 0, "9": 0, "10": 2, "11": 0, "12": 1 },
    "f": { "0": 0, "1": 2, "2": 0 },
    "b": { "0": [0], "1": [0] }
  }
}
