TN:
SF:src/data/UserPassword.ts
FN:7,(anonymous_7)
FN:16,(anonymous_9)
FNF:2
FNH:2
FNDA:2,(anonymous_7)
FNDA:2,(anonymous_9)
DA:2,1
DA:5,1
DA:12,2
DA:13,2
DA:21,2
LF:5
LH:5
BRF:0
BRH:0
end_of_record
TN:
SF:src/model/User.ts
FN:6,(anonymous_0)
FN:24,(anonymous_1)
FN:29,(anonymous_2)
FNF:3
FNH:1
FNDA:0,(anonymous_0)
FNDA:2,(anonymous_1)
FNDA:0,(anonymous_2)
DA:1,1
DA:3,1
DA:7,0
DA:8,0
DA:10,0
DA:11,0
DA:12,0
DA:14,0
DA:15,0
DA:16,0
DA:17,0
DA:25,2
DA:30,0
LF:13
LH:3
BRDA:7,0,0,0
BRDA:11,1,0,0
BRF:2
BRH:0
end_of_record
